<?xml version="1.0" encoding="UTF-8"?>
<!-- Generated by org.testng.reporters.JUnitXMLReporter -->
<testsuite hostname="DESKTOP-8OBLECF" ignored="1" name="Test" tests="3" failures="0" timestamp="2020-06-27T08:08:25 IST" time="44.187" errors="0">
  <testcase name="loginWithAdmin" time="8.881" classname="com.learnautomation.testcases.LoginTest"/>
  <testcase name="logout" time="2.621" classname="com.learnautomation.testcases.LoginTest"/>
  <testcase name="createUser" time="11.53" classname="com.learnautomation.testcases.CreateUser"/>
  <testcase name="@BeforeSuite setupReport" time="0.0" classname="com.learnautomation.pages.BaseClass">
    <ignored/>
  </testcase> <!-- @BeforeSuite setupReport -->
</testsuite> <!-- Test -->
