<?xml version="1.0" encoding="UTF-8"?>
<testng-results skipped="0" failed="0" ignored="0" total="1" passed="1">
  <reporter-output>
  </reporter-output>
  <suite name="Default suite" duration-ms="25818" started-at="2020-07-04T23:22:35 IST" finished-at="2020-07-04T23:23:01 IST">
    <groups>
    </groups>
    <test name="Default test" duration-ms="25818" started-at="2020-07-04T23:22:35 IST" finished-at="2020-07-04T23:23:01 IST">
      <class name="com.learnautomation.testcases.BrowserStackTest">
        <test-method status="PASS" signature="test1()[pri:0, instance:com.learnautomation.testcases.BrowserStackTest@2d8f65a4]" name="test1" duration-ms="25710" started-at="2020-07-04T23:22:35 IST" finished-at="2020-07-04T23:23:01 IST">
          <reporter-output>
          </reporter-output>
        </test-method> <!-- test1 -->
      </class> <!-- com.learnautomation.testcases.BrowserStackTest -->
    </test> <!-- Default test -->
  </suite> <!-- Default suite -->
</testng-results>
